mode: set
layeredProject/service/authorservice/authorservice.go:16.50,18.2 1 1
layeredProject/service/authorservice/authorservice.go:20.100,21.61 1 0
layeredProject/service/authorservice/authorservice.go:25.2,26.16 2 0
layeredProject/service/authorservice/authorservice.go:30.2,32.15 2 0
layeredProject/service/authorservice/authorservice.go:21.61,23.3 1 0
layeredProject/service/authorservice/authorservice.go:26.16,28.3 1 0
layeredProject/service/authorservice/authorservice.go:36.99,37.43 1 0
layeredProject/service/authorservice/authorservice.go:41.2,42.16 2 0
layeredProject/service/authorservice/authorservice.go:49.2,51.15 2 0
layeredProject/service/authorservice/authorservice.go:37.43,39.3 1 0
layeredProject/service/authorservice/authorservice.go:42.16,44.3 1 0
layeredProject/service/authorservice/authorservice.go:55.79,56.12 1 1
layeredProject/service/authorservice/authorservice.go:60.2,61.16 2 1
layeredProject/service/authorservice/authorservice.go:65.2,65.19 1 1
layeredProject/service/authorservice/authorservice.go:56.12,58.3 1 0
layeredProject/service/authorservice/authorservice.go:61.16,63.3 1 0
layeredProject/service/authorservice/authorservice.go:67.32,73.9 5 0
layeredProject/service/authorservice/authorservice.go:82.2,82.13 1 0
layeredProject/service/authorservice/authorservice.go:74.28,75.15 1 0
layeredProject/service/authorservice/authorservice.go:76.32,77.15 1 0
layeredProject/service/authorservice/authorservice.go:78.17,79.15 1 0
