mode: set
layeredProject/http/authorhttp/authorhttp.go:19.49,21.2 1 1
layeredProject/http/authorhttp/authorhttp.go:23.75,29.16 5 1
layeredProject/http/authorhttp/authorhttp.go:36.2,37.16 2 1
layeredProject/http/authorhttp/authorhttp.go:42.2,43.48 2 1
layeredProject/http/authorhttp/authorhttp.go:29.16,34.3 3 0
layeredProject/http/authorhttp/authorhttp.go:37.16,40.3 2 1
layeredProject/http/authorhttp/authorhttp.go:46.74,52.16 5 1
layeredProject/http/authorhttp/authorhttp.go:59.2,60.16 2 1
layeredProject/http/authorhttp/authorhttp.go:65.2,66.40 2 1
layeredProject/http/authorhttp/authorhttp.go:52.16,57.3 3 1
layeredProject/http/authorhttp/authorhttp.go:60.16,63.3 2 0
layeredProject/http/authorhttp/authorhttp.go:69.77,73.25 4 1
layeredProject/http/authorhttp/authorhttp.go:80.2,81.28 2 1
layeredProject/http/authorhttp/authorhttp.go:88.2,89.49 2 1
layeredProject/http/authorhttp/authorhttp.go:73.25,78.3 3 1
layeredProject/http/authorhttp/authorhttp.go:81.28,86.3 3 0
layeredProject/http/bookhttp/bookhttp.go:18.49,20.2 1 1
layeredProject/http/bookhttp/bookhttp.go:22.73,29.16 6 1
layeredProject/http/bookhttp/bookhttp.go:34.2,35.16 2 1
layeredProject/http/bookhttp/bookhttp.go:42.2,43.15 2 1
layeredProject/http/bookhttp/bookhttp.go:29.16,32.3 2 1
layeredProject/http/bookhttp/bookhttp.go:35.16,40.3 3 0
layeredProject/http/bookhttp/bookhttp.go:46.74,51.26 4 1
layeredProject/http/bookhttp/bookhttp.go:58.2,59.16 2 1
layeredProject/http/bookhttp/bookhttp.go:64.2,65.16 2 1
layeredProject/http/bookhttp/bookhttp.go:72.2,73.15 2 1
layeredProject/http/bookhttp/bookhttp.go:51.26,56.3 3 0
layeredProject/http/bookhttp/bookhttp.go:59.16,62.3 2 0
layeredProject/http/bookhttp/bookhttp.go:65.16,70.3 3 0
layeredProject/http/bookhttp/bookhttp.go:76.71,80.16 3 1
layeredProject/http/bookhttp/bookhttp.go:87.2,90.16 3 1
layeredProject/http/bookhttp/bookhttp.go:97.2,98.16 2 1
layeredProject/http/bookhttp/bookhttp.go:106.2,107.16 2 1
layeredProject/http/bookhttp/bookhttp.go:115.2,116.22 2 1
layeredProject/http/bookhttp/bookhttp.go:80.16,85.3 3 0
layeredProject/http/bookhttp/bookhttp.go:90.16,95.3 3 0
layeredProject/http/bookhttp/bookhttp.go:98.16,104.3 4 1
layeredProject/http/bookhttp/bookhttp.go:107.16,113.3 3 0
layeredProject/http/bookhttp/bookhttp.go:119.70,123.16 3 1
layeredProject/http/bookhttp/bookhttp.go:130.2,133.16 3 1
layeredProject/http/bookhttp/bookhttp.go:138.2,142.16 4 1
layeredProject/http/bookhttp/bookhttp.go:147.2,148.16 2 1
layeredProject/http/bookhttp/bookhttp.go:153.2,154.22 2 1
layeredProject/http/bookhttp/bookhttp.go:123.16,128.3 3 0
layeredProject/http/bookhttp/bookhttp.go:133.16,136.3 2 0
layeredProject/http/bookhttp/bookhttp.go:142.16,145.3 2 1
layeredProject/http/bookhttp/bookhttp.go:148.16,151.3 2 0
layeredProject/http/bookhttp/bookhttp.go:157.73,162.26 4 1
layeredProject/http/bookhttp/bookhttp.go:169.2,170.16 2 1
layeredProject/http/bookhttp/bookhttp.go:176.2,177.48 2 1
layeredProject/http/bookhttp/bookhttp.go:162.26,167.3 3 1
layeredProject/http/bookhttp/bookhttp.go:170.16,174.3 3 0
