mode: set
layeredProject/datastore/author/authorsql.go:14.28,16.2 1 1
layeredProject/datastore/author/authorsql.go:19.64,25.16 4 1
layeredProject/datastore/author/authorsql.go:29.2,29.35 1 1
layeredProject/datastore/author/authorsql.go:33.2,35.16 2 1
layeredProject/datastore/author/authorsql.go:39.2,42.21 3 1
layeredProject/datastore/author/authorsql.go:25.16,27.3 1 1
layeredProject/datastore/author/authorsql.go:29.35,31.3 1 0
layeredProject/datastore/author/authorsql.go:35.16,37.3 1 1
layeredProject/datastore/author/authorsql.go:46.63,52.16 4 0
layeredProject/datastore/author/authorsql.go:60.2,65.21 4 0
layeredProject/datastore/author/authorsql.go:52.16,58.3 3 0
layeredProject/datastore/author/authorsql.go:69.50,73.16 3 1
layeredProject/datastore/author/authorsql.go:77.2,77.24 1 1
layeredProject/datastore/author/authorsql.go:73.16,75.3 1 0
layeredProject/http/authorhttp/authorhttp.go:19.49,21.2 1 1
layeredProject/http/authorhttp/authorhttp.go:23.77,28.16 4 1
layeredProject/http/authorhttp/authorhttp.go:35.2,36.16 2 1
layeredProject/http/authorhttp/authorhttp.go:41.2,42.46 2 0
layeredProject/http/authorhttp/authorhttp.go:28.16,33.3 3 1
layeredProject/http/authorhttp/authorhttp.go:36.16,39.3 2 1
layeredProject/http/authorhttp/authorhttp.go:45.76,50.16 4 0
layeredProject/http/authorhttp/authorhttp.go:57.2,58.16 2 0
layeredProject/http/authorhttp/authorhttp.go:63.2,64.40 2 0
layeredProject/http/authorhttp/authorhttp.go:50.16,55.3 3 0
layeredProject/http/authorhttp/authorhttp.go:58.16,61.3 2 0
layeredProject/http/authorhttp/authorhttp.go:67.79,70.16 3 0
layeredProject/http/authorhttp/authorhttp.go:77.2,78.28 2 0
layeredProject/http/authorhttp/authorhttp.go:85.2,86.49 2 0
layeredProject/http/authorhttp/authorhttp.go:70.16,75.3 3 0
layeredProject/http/authorhttp/authorhttp.go:78.28,83.3 3 0
layeredProject/datastore/book/booksql.go:14.32,16.2 1 1
layeredProject/datastore/book/booksql.go:18.84,21.17 2 1
layeredProject/datastore/book/booksql.go:34.2,34.14 1 1
layeredProject/datastore/book/booksql.go:21.17,23.30 2 1
layeredProject/datastore/book/booksql.go:23.30,26.4 1 1
layeredProject/datastore/book/booksql.go:27.8,29.30 2 1
layeredProject/datastore/book/booksql.go:29.30,32.4 1 0
layeredProject/datastore/book/booksql.go:37.55,43.16 4 1
layeredProject/datastore/book/booksql.go:48.2,48.10 1 1
layeredProject/datastore/book/booksql.go:43.16,46.3 2 1
layeredProject/datastore/book/booksql.go:51.64,54.16 2 1
layeredProject/datastore/book/booksql.go:59.2,60.16 2 1
layeredProject/datastore/book/booksql.go:65.2,65.21 1 1
layeredProject/datastore/book/booksql.go:54.16,57.3 2 0
layeredProject/datastore/book/booksql.go:60.16,63.3 2 0
layeredProject/datastore/book/booksql.go:68.71,74.16 4 1
layeredProject/datastore/book/booksql.go:81.2,83.16 2 0
layeredProject/datastore/book/booksql.go:87.2,89.16 2 0
layeredProject/datastore/book/booksql.go:93.2,93.20 1 0
layeredProject/datastore/book/booksql.go:74.16,79.3 2 1
layeredProject/datastore/book/booksql.go:83.16,85.3 1 0
layeredProject/datastore/book/booksql.go:89.16,91.3 1 0
layeredProject/datastore/book/booksql.go:95.53,97.16 2 1
layeredProject/datastore/book/booksql.go:100.2,101.16 2 1
layeredProject/datastore/book/booksql.go:104.2,104.20 1 1
layeredProject/datastore/book/booksql.go:97.16,99.3 1 0
layeredProject/datastore/book/booksql.go:101.16,103.3 1 0
layeredProject/datastore/book/booksql.go:107.65,114.17 2 1
layeredProject/datastore/book/booksql.go:126.2,128.18 2 1
layeredProject/datastore/book/booksql.go:139.2,139.11 1 1
layeredProject/datastore/book/booksql.go:114.17,116.17 2 1
layeredProject/datastore/book/booksql.go:116.17,118.4 1 0
layeredProject/datastore/book/booksql.go:119.8,121.17 2 1
layeredProject/datastore/book/booksql.go:121.17,123.4 1 0
layeredProject/datastore/book/booksql.go:128.18,132.17 3 1
layeredProject/datastore/book/booksql.go:136.3,136.21 1 1
layeredProject/datastore/book/booksql.go:132.17,134.4 1 0
layeredProject/datastore/book/booksql.go:142.64,150.118 4 1
layeredProject/datastore/book/booksql.go:155.2,155.32 1 1
layeredProject/datastore/book/booksql.go:150.118,153.3 2 1
layeredProject/datastore/book/booksql.go:158.73,159.23 1 1
layeredProject/datastore/book/booksql.go:164.2,164.14 1 1
layeredProject/datastore/book/booksql.go:159.23,162.3 2 1
layeredProject/http/bookhttp/bookhttp.go:18.49,20.2 1 1
layeredProject/http/bookhttp/bookhttp.go:22.75,28.16 5 1
layeredProject/http/bookhttp/bookhttp.go:34.2,35.15 2 1
layeredProject/http/bookhttp/bookhttp.go:28.16,32.3 3 0
layeredProject/http/bookhttp/bookhttp.go:38.76,42.16 3 1
layeredProject/http/bookhttp/bookhttp.go:48.2,49.16 2 1
layeredProject/http/bookhttp/bookhttp.go:54.2,55.16 2 1
layeredProject/http/bookhttp/bookhttp.go:61.2,62.15 2 1
layeredProject/http/bookhttp/bookhttp.go:42.16,46.3 3 0
layeredProject/http/bookhttp/bookhttp.go:49.16,52.3 2 0
layeredProject/http/bookhttp/bookhttp.go:55.16,59.3 3 0
layeredProject/http/bookhttp/bookhttp.go:65.73,67.16 2 1
layeredProject/http/bookhttp/bookhttp.go:74.2,77.16 3 1
layeredProject/http/bookhttp/bookhttp.go:82.2,83.16 2 1
layeredProject/http/bookhttp/bookhttp.go:91.2,92.16 2 1
layeredProject/http/bookhttp/bookhttp.go:100.2,101.22 2 1
layeredProject/http/bookhttp/bookhttp.go:67.16,72.3 3 0
layeredProject/http/bookhttp/bookhttp.go:77.16,80.3 2 0
layeredProject/http/bookhttp/bookhttp.go:83.16,89.3 3 0
layeredProject/http/bookhttp/bookhttp.go:92.16,98.3 3 0
layeredProject/http/bookhttp/bookhttp.go:104.72,106.16 2 1
layeredProject/http/bookhttp/bookhttp.go:113.2,116.16 3 1
layeredProject/http/bookhttp/bookhttp.go:121.2,125.16 4 1
layeredProject/http/bookhttp/bookhttp.go:130.2,131.16 2 1
layeredProject/http/bookhttp/bookhttp.go:136.2,137.22 2 1
layeredProject/http/bookhttp/bookhttp.go:106.16,111.3 3 0
layeredProject/http/bookhttp/bookhttp.go:116.16,119.3 2 0
layeredProject/http/bookhttp/bookhttp.go:125.16,128.3 2 0
layeredProject/http/bookhttp/bookhttp.go:131.16,134.3 2 0
layeredProject/http/bookhttp/bookhttp.go:140.75,144.16 3 1
layeredProject/http/bookhttp/bookhttp.go:149.2,150.16 2 1
layeredProject/http/bookhttp/bookhttp.go:155.2,156.48 2 1
layeredProject/http/bookhttp/bookhttp.go:144.16,147.3 2 0
layeredProject/http/bookhttp/bookhttp.go:150.16,153.3 2 1
layeredProject/http/bookhttp/mockfunc.go:10.63,11.25 1 1
layeredProject/http/bookhttp/mockfunc.go:20.2,20.37 1 1
layeredProject/http/bookhttp/mockfunc.go:28.2,28.26 1 1
layeredProject/http/bookhttp/mockfunc.go:11.25,18.3 2 1
layeredProject/http/bookhttp/mockfunc.go:20.37,26.3 2 0
layeredProject/http/bookhttp/mockfunc.go:31.64,32.12 1 1
layeredProject/http/bookhttp/mockfunc.go:37.2,37.29 1 1
layeredProject/http/bookhttp/mockfunc.go:32.12,35.3 1 1
layeredProject/http/bookhttp/mockfunc.go:40.75,42.22 2 1
layeredProject/http/bookhttp/mockfunc.go:46.2,46.29 1 1
layeredProject/http/bookhttp/mockfunc.go:42.22,44.3 1 1
layeredProject/http/bookhttp/mockfunc.go:49.82,51.22 2 1
layeredProject/http/bookhttp/mockfunc.go:55.2,55.29 1 1
layeredProject/http/bookhttp/mockfunc.go:51.22,53.3 1 1
layeredProject/http/bookhttp/mockfunc.go:58.53,59.12 1 1
layeredProject/http/bookhttp/mockfunc.go:63.2,63.15 1 1
layeredProject/http/bookhttp/mockfunc.go:59.12,61.3 1 1
layeredProject/service/authorservice/authorservice.go:15.50,17.2 1 1
layeredProject/service/authorservice/authorservice.go:19.79,20.43 1 1
layeredProject/service/authorservice/authorservice.go:24.2,25.28 2 1
layeredProject/service/authorservice/authorservice.go:29.2,30.15 2 1
layeredProject/service/authorservice/authorservice.go:20.43,22.3 1 1
layeredProject/service/authorservice/authorservice.go:25.28,27.3 1 1
layeredProject/service/authorservice/authorservice.go:33.32,39.9 5 1
layeredProject/service/authorservice/authorservice.go:48.2,48.13 1 1
layeredProject/service/authorservice/authorservice.go:40.28,41.15 1 0
layeredProject/service/authorservice/authorservice.go:42.32,43.15 1 0
layeredProject/service/authorservice/authorservice.go:44.17,45.15 1 0
layeredProject/service/authorservice/authorservice.go:52.78,53.43 1 1
layeredProject/service/authorservice/authorservice.go:57.2,58.16 2 1
layeredProject/service/authorservice/authorservice.go:61.2,61.14 1 1
layeredProject/service/authorservice/authorservice.go:65.2,66.15 2 1
layeredProject/service/authorservice/authorservice.go:53.43,55.3 1 0
layeredProject/service/authorservice/authorservice.go:58.16,60.3 1 0
layeredProject/service/authorservice/authorservice.go:61.14,63.3 1 1
layeredProject/service/authorservice/authorservice.go:70.58,71.12 1 1
layeredProject/service/authorservice/authorservice.go:75.2,76.16 2 1
layeredProject/service/authorservice/authorservice.go:80.2,80.19 1 1
layeredProject/service/authorservice/authorservice.go:71.12,73.3 1 1
layeredProject/service/authorservice/authorservice.go:76.16,78.3 1 0
layeredProject/service/bookservice/bookservice.go:13.46,15.2 1 1
layeredProject/service/bookservice/bookservice.go:17.79,20.2 2 1
layeredProject/service/bookservice/bookservice.go:22.66,23.13 1 1
layeredProject/service/bookservice/bookservice.go:27.2,29.18 2 1
layeredProject/service/bookservice/bookservice.go:23.13,25.3 1 1
layeredProject/service/bookservice/bookservice.go:32.76,33.81 1 1
layeredProject/service/bookservice/bookservice.go:37.2,38.28 2 1
layeredProject/service/bookservice/bookservice.go:42.2,44.19 2 1
layeredProject/service/bookservice/bookservice.go:33.81,35.3 1 0
layeredProject/service/bookservice/bookservice.go:38.28,40.3 1 1
layeredProject/service/bookservice/bookservice.go:47.83,48.82 1 0
layeredProject/service/bookservice/bookservice.go:52.2,53.28 2 0
layeredProject/service/bookservice/bookservice.go:57.2,59.19 2 0
layeredProject/service/bookservice/bookservice.go:48.82,50.3 1 0
layeredProject/service/bookservice/bookservice.go:53.28,55.3 1 0
layeredProject/service/bookservice/bookservice.go:62.55,63.12 1 1
layeredProject/service/bookservice/bookservice.go:67.2,68.27 2 1
layeredProject/service/bookservice/bookservice.go:72.2,72.15 1 1
layeredProject/service/bookservice/bookservice.go:63.12,65.3 1 1
layeredProject/service/bookservice/bookservice.go:68.27,70.3 1 0
layeredProject/service/bookservice/bookservice.go:75.48,79.2 2 1
layeredProject/service/bookservice/mockFunc.go:7.72,10.36 2 1
layeredProject/service/bookservice/mockFunc.go:17.2,17.42 1 1
layeredProject/service/bookservice/mockFunc.go:26.2,26.26 1 0
layeredProject/service/bookservice/mockFunc.go:10.36,15.3 1 1
layeredProject/service/bookservice/mockFunc.go:17.42,24.3 2 1
layeredProject/service/bookservice/mockFunc.go:29.53,30.12 1 1
layeredProject/service/bookservice/mockFunc.go:36.2,36.24 1 0
layeredProject/service/bookservice/mockFunc.go:30.12,34.3 1 1
layeredProject/service/bookservice/mockFunc.go:39.63,41.22 2 1
layeredProject/service/bookservice/mockFunc.go:45.2,45.16 1 1
layeredProject/service/bookservice/mockFunc.go:41.22,43.3 1 1
layeredProject/service/bookservice/mockFunc.go:48.70,50.22 2 0
layeredProject/service/bookservice/mockFunc.go:54.2,54.16 1 0
layeredProject/service/bookservice/mockFunc.go:50.22,52.3 1 0
layeredProject/service/bookservice/mockFunc.go:57.51,58.11 1 1
layeredProject/service/bookservice/mockFunc.go:62.2,62.15 1 1
layeredProject/service/bookservice/mockFunc.go:58.11,60.3 1 0
